{"/Users/jacquelinekelly/HackReactor/review-api/controllers/Controllers.js": {"path":"/Users/jacquelinekelly/HackReactor/review-api/controllers/Controllers.js","statementMap":{"0":{"start":{"line":1,"column":17},"end":{"line":1,"column":46}},"1":{"start":{"line":3,"column":0},"end":{"line":42,"column":1}},"2":{"start":{"line":4,"column":2},"end":{"line":41,"column":3}},"3":{"start":{"line":5,"column":44},"end":{"line":5,"column":55}},"4":{"start":{"line":6,"column":4},"end":{"line":15,"column":5}},"5":{"start":{"line":8,"column":8},"end":{"line":8,"column":27}},"6":{"start":{"line":9,"column":8},"end":{"line":9,"column":14}},"7":{"start":{"line":11,"column":8},"end":{"line":11,"column":34}},"8":{"start":{"line":12,"column":8},"end":{"line":12,"column":14}},"9":{"start":{"line":16,"column":4},"end":{"line":16,"column":27}},"10":{"start":{"line":17,"column":4},"end":{"line":17,"column":30}},"11":{"start":{"line":18,"column":4},"end":{"line":20,"column":5}},"12":{"start":{"line":19,"column":6},"end":{"line":19,"column":91}},"13":{"start":{"line":22,"column":4},"end":{"line":37,"column":6}},"14":{"start":{"line":28,"column":6},"end":{"line":36,"column":8}},"15":{"start":{"line":30,"column":8},"end":{"line":30,"column":25}},"16":{"start":{"line":31,"column":8},"end":{"line":35,"column":9}},"17":{"start":{"line":32,"column":10},"end":{"line":32,"column":72}},"18":{"start":{"line":34,"column":10},"end":{"line":34,"column":100}},"19":{"start":{"line":39,"column":4},"end":{"line":39,"column":21}},"20":{"start":{"line":40,"column":4},"end":{"line":40,"column":103}},"21":{"start":{"line":45,"column":0},"end":{"line":67,"column":1}},"22":{"start":{"line":46,"column":2},"end":{"line":66,"column":3}},"23":{"start":{"line":47,"column":27},"end":{"line":47,"column":38}},"24":{"start":{"line":48,"column":4},"end":{"line":50,"column":5}},"25":{"start":{"line":49,"column":6},"end":{"line":49,"column":55}},"26":{"start":{"line":52,"column":4},"end":{"line":62,"column":6}},"27":{"start":{"line":54,"column":6},"end":{"line":61,"column":8}},"28":{"start":{"line":56,"column":8},"end":{"line":56,"column":25}},"29":{"start":{"line":57,"column":8},"end":{"line":57,"column":43}},"30":{"start":{"line":60,"column":8},"end":{"line":60,"column":30}},"31":{"start":{"line":64,"column":4},"end":{"line":64,"column":21}},"32":{"start":{"line":65,"column":4},"end":{"line":65,"column":33}},"33":{"start":{"line":69,"column":0},"end":{"line":166,"column":1}},"34":{"start":{"line":70,"column":97},"end":{"line":70,"column":105}},"35":{"start":{"line":72,"column":2},"end":{"line":74,"column":3}},"36":{"start":{"line":73,"column":4},"end":{"line":73,"column":59}},"37":{"start":{"line":77,"column":2},"end":{"line":93,"column":3}},"38":{"start":{"line":79,"column":6},"end":{"line":79,"column":28}},"39":{"start":{"line":80,"column":6},"end":{"line":80,"column":12}},"40":{"start":{"line":82,"column":6},"end":{"line":82,"column":28}},"41":{"start":{"line":83,"column":6},"end":{"line":83,"column":12}},"42":{"start":{"line":85,"column":6},"end":{"line":85,"column":30}},"43":{"start":{"line":86,"column":6},"end":{"line":86,"column":12}},"44":{"start":{"line":88,"column":6},"end":{"line":88,"column":29}},"45":{"start":{"line":89,"column":6},"end":{"line":89,"column":12}},"46":{"start":{"line":91,"column":6},"end":{"line":91,"column":29}},"47":{"start":{"line":92,"column":6},"end":{"line":92,"column":12}},"48":{"start":{"line":96,"column":2},"end":{"line":100,"column":3}},"49":{"start":{"line":97,"column":4},"end":{"line":97,"column":32}},"50":{"start":{"line":99,"column":4},"end":{"line":99,"column":36}},"51":{"start":{"line":102,"column":2},"end":{"line":165,"column":3}},"52":{"start":{"line":103,"column":4},"end":{"line":162,"column":6}},"53":{"start":{"line":105,"column":6},"end":{"line":161,"column":52}},"54":{"start":{"line":107,"column":8},"end":{"line":107,"column":37}},"55":{"start":{"line":108,"column":24},"end":{"line":108,"column":39}},"56":{"start":{"line":111,"column":8},"end":{"line":122,"column":10}},"57":{"start":{"line":112,"column":10},"end":{"line":121,"column":11}},"58":{"start":{"line":113,"column":12},"end":{"line":120,"column":13}},"59":{"start":{"line":114,"column":14},"end":{"line":116,"column":15}},"60":{"start":{"line":115,"column":16},"end":{"line":115,"column":67}},"61":{"start":{"line":117,"column":14},"end":{"line":117,"column":60}},"62":{"start":{"line":118,"column":14},"end":{"line":118,"column":31}},"63":{"start":{"line":125,"column":8},"end":{"line":135,"column":9}},"64":{"start":{"line":126,"column":10},"end":{"line":134,"column":11}},"65":{"start":{"line":127,"column":12},"end":{"line":133,"column":16}},"66":{"start":{"line":128,"column":14},"end":{"line":130,"column":15}},"67":{"start":{"line":129,"column":16},"end":{"line":129,"column":72}},"68":{"start":{"line":131,"column":14},"end":{"line":131,"column":73}},"69":{"start":{"line":132,"column":14},"end":{"line":132,"column":31}},"70":{"start":{"line":138,"column":6},"end":{"line":147,"column":7}},"71":{"start":{"line":140,"column":8},"end":{"line":146,"column":12}},"72":{"start":{"line":141,"column":10},"end":{"line":143,"column":11}},"73":{"start":{"line":142,"column":12},"end":{"line":142,"column":60}},"74":{"start":{"line":144,"column":10},"end":{"line":144,"column":141}},"75":{"start":{"line":145,"column":10},"end":{"line":145,"column":27}},"76":{"start":{"line":149,"column":6},"end":{"line":160,"column":10}},"77":{"start":{"line":150,"column":8},"end":{"line":159,"column":9}},"78":{"start":{"line":151,"column":10},"end":{"line":158,"column":11}},"79":{"start":{"line":152,"column":12},"end":{"line":154,"column":13}},"80":{"start":{"line":153,"column":14},"end":{"line":153,"column":70}},"81":{"start":{"line":155,"column":12},"end":{"line":155,"column":73}},"82":{"start":{"line":156,"column":12},"end":{"line":156,"column":29}},"83":{"start":{"line":161,"column":20},"end":{"line":161,"column":51}},"84":{"start":{"line":164,"column":4},"end":{"line":164,"column":32}},"85":{"start":{"line":168,"column":0},"end":{"line":187,"column":1}},"86":{"start":{"line":169,"column":2},"end":{"line":186,"column":3}},"87":{"start":{"line":170,"column":26},"end":{"line":170,"column":36}},"88":{"start":{"line":172,"column":4},"end":{"line":174,"column":5}},"89":{"start":{"line":173,"column":6},"end":{"line":173,"column":58}},"90":{"start":{"line":176,"column":4},"end":{"line":183,"column":6}},"91":{"start":{"line":178,"column":6},"end":{"line":182,"column":8}},"92":{"start":{"line":180,"column":8},"end":{"line":180,"column":25}},"93":{"start":{"line":181,"column":8},"end":{"line":181,"column":40}},"94":{"start":{"line":185,"column":4},"end":{"line":185,"column":60}},"95":{"start":{"line":189,"column":0},"end":{"line":209,"column":1}},"96":{"start":{"line":190,"column":2},"end":{"line":208,"column":3}},"97":{"start":{"line":191,"column":26},"end":{"line":191,"column":36}},"98":{"start":{"line":193,"column":4},"end":{"line":195,"column":5}},"99":{"start":{"line":194,"column":6},"end":{"line":194,"column":58}},"100":{"start":{"line":197,"column":4},"end":{"line":204,"column":6}},"101":{"start":{"line":199,"column":6},"end":{"line":203,"column":8}},"102":{"start":{"line":201,"column":8},"end":{"line":201,"column":25}},"103":{"start":{"line":202,"column":8},"end":{"line":202,"column":40}},"104":{"start":{"line":207,"column":4},"end":{"line":207,"column":51}}},"fnMap":{"0":{"name":"(anonymous_0)","decl":{"start":{"line":3,"column":28},"end":{"line":3,"column":29}},"loc":{"start":{"line":3,"column":42},"end":{"line":42,"column":1}},"line":3},"1":{"name":"(anonymous_1)","decl":{"start":{"line":23,"column":10},"end":{"line":23,"column":11}},"loc":{"start":{"line":23,"column":22},"end":{"line":37,"column":5}},"line":23},"2":{"name":"(anonymous_2)","decl":{"start":{"line":29,"column":12},"end":{"line":29,"column":13}},"loc":{"start":{"line":29,"column":22},"end":{"line":36,"column":7}},"line":29},"3":{"name":"(anonymous_3)","decl":{"start":{"line":45,"column":32},"end":{"line":45,"column":33}},"loc":{"start":{"line":45,"column":46},"end":{"line":67,"column":1}},"line":45},"4":{"name":"(anonymous_4)","decl":{"start":{"line":53,"column":10},"end":{"line":53,"column":11}},"loc":{"start":{"line":53,"column":22},"end":{"line":62,"column":5}},"line":53},"5":{"name":"(anonymous_5)","decl":{"start":{"line":55,"column":12},"end":{"line":55,"column":13}},"loc":{"start":{"line":55,"column":22},"end":{"line":58,"column":7}},"line":55},"6":{"name":"(anonymous_6)","decl":{"start":{"line":59,"column":13},"end":{"line":59,"column":14}},"loc":{"start":{"line":59,"column":22},"end":{"line":61,"column":7}},"line":59},"7":{"name":"(anonymous_7)","decl":{"start":{"line":69,"column":29},"end":{"line":69,"column":30}},"loc":{"start":{"line":69,"column":43},"end":{"line":166,"column":1}},"line":69},"8":{"name":"(anonymous_8)","decl":{"start":{"line":104,"column":10},"end":{"line":104,"column":11}},"loc":{"start":{"line":104,"column":22},"end":{"line":162,"column":5}},"line":104},"9":{"name":"(anonymous_9)","decl":{"start":{"line":106,"column":12},"end":{"line":106,"column":13}},"loc":{"start":{"line":106,"column":22},"end":{"line":161,"column":7}},"line":106},"10":{"name":"(anonymous_10)","decl":{"start":{"line":111,"column":23},"end":{"line":111,"column":24}},"loc":{"start":{"line":112,"column":10},"end":{"line":121,"column":11}},"line":112},"11":{"name":"(anonymous_11)","decl":{"start":{"line":112,"column":23},"end":{"line":112,"column":24}},"loc":{"start":{"line":113,"column":12},"end":{"line":120,"column":13}},"line":113},"12":{"name":"(anonymous_12)","decl":{"start":{"line":113,"column":107},"end":{"line":113,"column":108}},"loc":{"start":{"line":113,"column":116},"end":{"line":119,"column":15}},"line":113},"13":{"name":"(anonymous_13)","decl":{"start":{"line":125,"column":45},"end":{"line":125,"column":46}},"loc":{"start":{"line":126,"column":10},"end":{"line":134,"column":11}},"line":126},"14":{"name":"(anonymous_14)","decl":{"start":{"line":126,"column":23},"end":{"line":126,"column":24}},"loc":{"start":{"line":127,"column":12},"end":{"line":133,"column":16}},"line":127},"15":{"name":"(anonymous_15)","decl":{"start":{"line":127,"column":189},"end":{"line":127,"column":190}},"loc":{"start":{"line":127,"column":198},"end":{"line":133,"column":15}},"line":127},"16":{"name":"(anonymous_16)","decl":{"start":{"line":139,"column":12},"end":{"line":139,"column":13}},"loc":{"start":{"line":140,"column":8},"end":{"line":146,"column":12}},"line":140},"17":{"name":"(anonymous_17)","decl":{"start":{"line":140,"column":158},"end":{"line":140,"column":159}},"loc":{"start":{"line":140,"column":167},"end":{"line":146,"column":11}},"line":140},"18":{"name":"(anonymous_18)","decl":{"start":{"line":149,"column":43},"end":{"line":149,"column":44}},"loc":{"start":{"line":149,"column":66},"end":{"line":160,"column":9}},"line":149},"19":{"name":"(anonymous_19)","decl":{"start":{"line":150,"column":21},"end":{"line":150,"column":22}},"loc":{"start":{"line":151,"column":10},"end":{"line":158,"column":11}},"line":151},"20":{"name":"(anonymous_20)","decl":{"start":{"line":151,"column":214},"end":{"line":151,"column":215}},"loc":{"start":{"line":151,"column":223},"end":{"line":157,"column":13}},"line":151},"21":{"name":"(anonymous_21)","decl":{"start":{"line":161,"column":14},"end":{"line":161,"column":15}},"loc":{"start":{"line":161,"column":20},"end":{"line":161,"column":51}},"line":161},"22":{"name":"(anonymous_22)","decl":{"start":{"line":168,"column":28},"end":{"line":168,"column":29}},"loc":{"start":{"line":168,"column":42},"end":{"line":187,"column":1}},"line":168},"23":{"name":"(anonymous_23)","decl":{"start":{"line":177,"column":10},"end":{"line":177,"column":11}},"loc":{"start":{"line":177,"column":22},"end":{"line":183,"column":5}},"line":177},"24":{"name":"(anonymous_24)","decl":{"start":{"line":179,"column":12},"end":{"line":179,"column":13}},"loc":{"start":{"line":179,"column":18},"end":{"line":182,"column":7}},"line":179},"25":{"name":"(anonymous_25)","decl":{"start":{"line":189,"column":27},"end":{"line":189,"column":28}},"loc":{"start":{"line":189,"column":41},"end":{"line":209,"column":1}},"line":189},"26":{"name":"(anonymous_26)","decl":{"start":{"line":198,"column":10},"end":{"line":198,"column":11}},"loc":{"start":{"line":198,"column":22},"end":{"line":204,"column":5}},"line":198},"27":{"name":"(anonymous_27)","decl":{"start":{"line":200,"column":12},"end":{"line":200,"column":13}},"loc":{"start":{"line":200,"column":18},"end":{"line":203,"column":7}},"line":200}},"branchMap":{"0":{"loc":{"start":{"line":6,"column":4},"end":{"line":15,"column":5}},"type":"switch","locations":[{"start":{"line":7,"column":6},"end":{"line":9,"column":14}},{"start":{"line":10,"column":6},"end":{"line":12,"column":14}},{"start":{"line":13,"column":6},"end":{"line":13,"column":22}}],"line":6},"1":{"loc":{"start":{"line":16,"column":11},"end":{"line":16,"column":26}},"type":"cond-expr","locations":[{"start":{"line":16,"column":18},"end":{"line":16,"column":22}},{"start":{"line":16,"column":25},"end":{"line":16,"column":26}}],"line":16},"2":{"loc":{"start":{"line":17,"column":12},"end":{"line":17,"column":29}},"type":"cond-expr","locations":[{"start":{"line":17,"column":20},"end":{"line":17,"column":25}},{"start":{"line":17,"column":28},"end":{"line":17,"column":29}}],"line":17},"3":{"loc":{"start":{"line":18,"column":4},"end":{"line":20,"column":5}},"type":"if","locations":[{"start":{"line":18,"column":4},"end":{"line":20,"column":5}},{"start":{},"end":{}}],"line":18},"4":{"loc":{"start":{"line":18,"column":8},"end":{"line":18,"column":28}},"type":"binary-expr","locations":[{"start":{"line":18,"column":8},"end":{"line":18,"column":19}},{"start":{"line":18,"column":23},"end":{"line":18,"column":28}}],"line":18},"5":{"loc":{"start":{"line":31,"column":8},"end":{"line":35,"column":9}},"type":"if","locations":[{"start":{"line":31,"column":8},"end":{"line":35,"column":9}},{"start":{"line":33,"column":15},"end":{"line":35,"column":9}}],"line":31},"6":{"loc":{"start":{"line":48,"column":4},"end":{"line":50,"column":5}},"type":"if","locations":[{"start":{"line":48,"column":4},"end":{"line":50,"column":5}},{"start":{},"end":{}}],"line":48},"7":{"loc":{"start":{"line":72,"column":2},"end":{"line":74,"column":3}},"type":"if","locations":[{"start":{"line":72,"column":2},"end":{"line":74,"column":3}},{"start":{},"end":{}}],"line":72},"8":{"loc":{"start":{"line":72,"column":6},"end":{"line":72,"column":113}},"type":"binary-expr","locations":[{"start":{"line":72,"column":6},"end":{"line":72,"column":17}},{"start":{"line":72,"column":21},"end":{"line":72,"column":28}},{"start":{"line":72,"column":32},"end":{"line":72,"column":40}},{"start":{"line":72,"column":44},"end":{"line":72,"column":49}},{"start":{"line":72,"column":53},"end":{"line":72,"column":63}},{"start":{"line":72,"column":67},"end":{"line":72,"column":72}},{"start":{"line":72,"column":76},"end":{"line":72,"column":82}},{"start":{"line":72,"column":86},"end":{"line":72,"column":93}},{"start":{"line":72,"column":97},"end":{"line":72,"column":113}}],"line":72},"9":{"loc":{"start":{"line":77,"column":2},"end":{"line":93,"column":3}},"type":"switch","locations":[{"start":{"line":78,"column":4},"end":{"line":80,"column":12}},{"start":{"line":81,"column":4},"end":{"line":83,"column":12}},{"start":{"line":84,"column":4},"end":{"line":86,"column":12}},{"start":{"line":87,"column":4},"end":{"line":89,"column":12}},{"start":{"line":90,"column":4},"end":{"line":92,"column":12}}],"line":77},"10":{"loc":{"start":{"line":96,"column":2},"end":{"line":100,"column":3}},"type":"if","locations":[{"start":{"line":96,"column":2},"end":{"line":100,"column":3}},{"start":{"line":98,"column":9},"end":{"line":100,"column":3}}],"line":96},"11":{"loc":{"start":{"line":114,"column":14},"end":{"line":116,"column":15}},"type":"if","locations":[{"start":{"line":114,"column":14},"end":{"line":116,"column":15}},{"start":{},"end":{}}],"line":114},"12":{"loc":{"start":{"line":128,"column":14},"end":{"line":130,"column":15}},"type":"if","locations":[{"start":{"line":128,"column":14},"end":{"line":130,"column":15}},{"start":{},"end":{}}],"line":128},"13":{"loc":{"start":{"line":141,"column":10},"end":{"line":143,"column":11}},"type":"if","locations":[{"start":{"line":141,"column":10},"end":{"line":143,"column":11}},{"start":{},"end":{}}],"line":141},"14":{"loc":{"start":{"line":152,"column":12},"end":{"line":154,"column":13}},"type":"if","locations":[{"start":{"line":152,"column":12},"end":{"line":154,"column":13}},{"start":{},"end":{}}],"line":152},"15":{"loc":{"start":{"line":172,"column":4},"end":{"line":174,"column":5}},"type":"if","locations":[{"start":{"line":172,"column":4},"end":{"line":174,"column":5}},{"start":{},"end":{}}],"line":172},"16":{"loc":{"start":{"line":193,"column":4},"end":{"line":195,"column":5}},"type":"if","locations":[{"start":{"line":193,"column":4},"end":{"line":195,"column":5}},{"start":{},"end":{}}],"line":193}},"s":{"0":1,"1":1,"2":5,"3":5,"4":5,"5":0,"6":0,"7":4,"8":4,"9":5,"10":5,"11":5,"12":2,"13":3,"14":3,"15":3,"16":3,"17":1,"18":2,"19":2,"20":2,"21":1,"22":1,"23":1,"24":1,"25":0,"26":1,"27":1,"28":1,"29":1,"30":0,"31":0,"32":0,"33":1,"34":0,"35":0,"36":0,"37":0,"38":0,"39":0,"40":0,"41":0,"42":0,"43":0,"44":0,"45":0,"46":0,"47":0,"48":0,"49":0,"50":0,"51":0,"52":0,"53":0,"54":0,"55":0,"56":0,"57":0,"58":0,"59":0,"60":0,"61":0,"62":0,"63":0,"64":0,"65":0,"66":0,"67":0,"68":0,"69":0,"70":0,"71":0,"72":0,"73":0,"74":0,"75":0,"76":0,"77":0,"78":0,"79":0,"80":0,"81":0,"82":0,"83":0,"84":0,"85":1,"86":1,"87":1,"88":1,"89":0,"90":1,"91":1,"92":1,"93":1,"94":0,"95":1,"96":0,"97":0,"98":0,"99":0,"100":0,"101":0,"102":0,"103":0,"104":0},"f":{"0":5,"1":3,"2":3,"3":1,"4":1,"5":1,"6":0,"7":0,"8":0,"9":0,"10":0,"11":0,"12":0,"13":0,"14":0,"15":0,"16":0,"17":0,"18":0,"19":0,"20":0,"21":0,"22":1,"23":1,"24":1,"25":0,"26":0,"27":0},"b":{"0":[0,4,0],"1":[2,3],"2":[2,3],"3":[2,3],"4":[5,4],"5":[1,2],"6":[0,1],"7":[0,0],"8":[0,0,0,0,0,0,0,0,0],"9":[0,0,0,0,0],"10":[0,0],"11":[0,0],"12":[0,0],"13":[0,0],"14":[0,0],"15":[0,1],"16":[0,0]},"_coverageSchema":"1a1c01bbd47fc00a2c39e90264f33305004495a9","hash":"5fcb3bf0371969991a311cbb9e9b1efeb037dcc3"}
,"/Users/jacquelinekelly/HackReactor/review-api/db/sql/index.js": {"path":"/Users/jacquelinekelly/HackReactor/review-api/db/sql/index.js","statementMap":{"0":{"start":{"line":1,"column":17},"end":{"line":1,"column":30}},"1":{"start":{"line":2,"column":15},"end":{"line":2,"column":32}},"2":{"start":{"line":3,"column":11},"end":{"line":3,"column":24}},"3":{"start":{"line":4,"column":13},"end":{"line":4,"column":28}},"4":{"start":{"line":5,"column":17},"end":{"line":5,"column":43}},"5":{"start":{"line":6,"column":0},"end":{"line":6,"column":16}},"6":{"start":{"line":9,"column":13},"end":{"line":15,"column":2}},"7":{"start":{"line":18,"column":18},"end":{"line":106,"column":1}},"8":{"start":{"line":20,"column":17},"end":{"line":35,"column":3}},"9":{"start":{"line":21,"column":4},"end":{"line":34,"column":8}},"10":{"start":{"line":23,"column":21},"end":{"line":23,"column":51}},"11":{"start":{"line":24,"column":25},"end":{"line":24,"column":107}},"12":{"start":{"line":25,"column":8},"end":{"line":25,"column":61}},"13":{"start":{"line":25,"column":42},"end":{"line":25,"column":60}},"14":{"start":{"line":26,"column":8},"end":{"line":26,"column":58}},"15":{"start":{"line":26,"column":38},"end":{"line":26,"column":56}},"16":{"start":{"line":27,"column":8},"end":{"line":32,"column":11}},"17":{"start":{"line":28,"column":10},"end":{"line":28,"column":56}},"18":{"start":{"line":29,"column":10},"end":{"line":31,"column":11}},"19":{"start":{"line":30,"column":12},"end":{"line":30,"column":35}},"20":{"start":{"line":30,"column":29},"end":{"line":30,"column":33}},"21":{"start":{"line":33,"column":8},"end":{"line":33,"column":32}},"22":{"start":{"line":37,"column":2},"end":{"line":105,"column":3}},"23":{"start":{"line":38,"column":19},"end":{"line":38,"column":39}},"24":{"start":{"line":40,"column":4},"end":{"line":40,"column":62}},"25":{"start":{"line":42,"column":4},"end":{"line":42,"column":123}},"26":{"start":{"line":44,"column":4},"end":{"line":44,"column":60}},"27":{"start":{"line":46,"column":4},"end":{"line":50,"column":236}},"28":{"start":{"line":52,"column":4},"end":{"line":52,"column":55}},"29":{"start":{"line":53,"column":27},"end":{"line":53,"column":184}},"30":{"start":{"line":54,"column":26},"end":{"line":54,"column":90}},"31":{"start":{"line":55,"column":35},"end":{"line":55,"column":102}},"32":{"start":{"line":56,"column":42},"end":{"line":56,"column":136}},"33":{"start":{"line":58,"column":27},"end":{"line":58,"column":731}},"34":{"start":{"line":60,"column":40},"end":{"line":60,"column":306}},"35":{"start":{"line":62,"column":29},"end":{"line":68,"column":5}},"36":{"start":{"line":63,"column":6},"end":{"line":67,"column":8}},"37":{"start":{"line":65,"column":8},"end":{"line":66,"column":68}},"38":{"start":{"line":66,"column":20},"end":{"line":66,"column":67}},"39":{"start":{"line":70,"column":28},"end":{"line":76,"column":5}},"40":{"start":{"line":71,"column":6},"end":{"line":75,"column":9}},"41":{"start":{"line":73,"column":8},"end":{"line":74,"column":73}},"42":{"start":{"line":74,"column":20},"end":{"line":74,"column":71}},"43":{"start":{"line":78,"column":50},"end":{"line":84,"column":5}},"44":{"start":{"line":79,"column":6},"end":{"line":83,"column":9}},"45":{"start":{"line":81,"column":8},"end":{"line":82,"column":79}},"46":{"start":{"line":82,"column":20},"end":{"line":82,"column":78}},"47":{"start":{"line":87,"column":52},"end":{"line":89,"column":5}},"48":{"start":{"line":88,"column":6},"end":{"line":88,"column":165}},"49":{"start":{"line":88,"column":121},"end":{"line":88,"column":164}},"50":{"start":{"line":91,"column":36},"end":{"line":93,"column":5}},"51":{"start":{"line":92,"column":6},"end":{"line":92,"column":102}},"52":{"start":{"line":95,"column":27},"end":{"line":97,"column":5}},"53":{"start":{"line":96,"column":6},"end":{"line":96,"column":93}},"54":{"start":{"line":96,"column":58},"end":{"line":96,"column":92}},"55":{"start":{"line":99,"column":4},"end":{"line":99,"column":137}},"56":{"start":{"line":99,"column":50},"end":{"line":99,"column":77}},"57":{"start":{"line":103,"column":6},"end":{"line":103,"column":23}},"58":{"start":{"line":104,"column":6},"end":{"line":104,"column":27}},"59":{"start":{"line":108,"column":0},"end":{"line":108,"column":20}},"60":{"start":{"line":109,"column":0},"end":{"line":109,"column":30}}},"fnMap":{"0":{"name":"(anonymous_0)","decl":{"start":{"line":18,"column":18},"end":{"line":18,"column":19}},"loc":{"start":{"line":18,"column":33},"end":{"line":106,"column":1}},"line":18},"1":{"name":"(anonymous_1)","decl":{"start":{"line":20,"column":17},"end":{"line":20,"column":18}},"loc":{"start":{"line":20,"column":56},"end":{"line":35,"column":3}},"line":20},"2":{"name":"(anonymous_2)","decl":{"start":{"line":22,"column":12},"end":{"line":22,"column":13}},"loc":{"start":{"line":22,"column":24},"end":{"line":34,"column":7}},"line":22},"3":{"name":"(anonymous_3)","decl":{"start":{"line":25,"column":31},"end":{"line":25,"column":32}},"loc":{"start":{"line":25,"column":42},"end":{"line":25,"column":60}},"line":25},"4":{"name":"(anonymous_4)","decl":{"start":{"line":26,"column":27},"end":{"line":26,"column":28}},"loc":{"start":{"line":26,"column":38},"end":{"line":26,"column":56}},"line":26},"5":{"name":"(anonymous_5)","decl":{"start":{"line":27,"column":28},"end":{"line":27,"column":29}},"loc":{"start":{"line":27,"column":34},"end":{"line":32,"column":9}},"line":27},"6":{"name":"(anonymous_6)","decl":{"start":{"line":30,"column":23},"end":{"line":30,"column":24}},"loc":{"start":{"line":30,"column":29},"end":{"line":30,"column":33}},"line":30},"7":{"name":"(anonymous_7)","decl":{"start":{"line":62,"column":29},"end":{"line":62,"column":30}},"loc":{"start":{"line":62,"column":44},"end":{"line":68,"column":5}},"line":62},"8":{"name":"(anonymous_8)","decl":{"start":{"line":64,"column":12},"end":{"line":64,"column":13}},"loc":{"start":{"line":64,"column":24},"end":{"line":67,"column":7}},"line":64},"9":{"name":"(anonymous_9)","decl":{"start":{"line":66,"column":14},"end":{"line":66,"column":15}},"loc":{"start":{"line":66,"column":20},"end":{"line":66,"column":67}},"line":66},"10":{"name":"(anonymous_10)","decl":{"start":{"line":70,"column":28},"end":{"line":70,"column":29}},"loc":{"start":{"line":70,"column":34},"end":{"line":76,"column":5}},"line":70},"11":{"name":"(anonymous_11)","decl":{"start":{"line":72,"column":12},"end":{"line":72,"column":13}},"loc":{"start":{"line":72,"column":22},"end":{"line":75,"column":7}},"line":72},"12":{"name":"(anonymous_12)","decl":{"start":{"line":74,"column":14},"end":{"line":74,"column":15}},"loc":{"start":{"line":74,"column":20},"end":{"line":74,"column":71}},"line":74},"13":{"name":"(anonymous_13)","decl":{"start":{"line":78,"column":50},"end":{"line":78,"column":51}},"loc":{"start":{"line":78,"column":56},"end":{"line":84,"column":5}},"line":78},"14":{"name":"(anonymous_14)","decl":{"start":{"line":80,"column":12},"end":{"line":80,"column":13}},"loc":{"start":{"line":80,"column":22},"end":{"line":83,"column":7}},"line":80},"15":{"name":"(anonymous_15)","decl":{"start":{"line":82,"column":14},"end":{"line":82,"column":15}},"loc":{"start":{"line":82,"column":20},"end":{"line":82,"column":78}},"line":82},"16":{"name":"(anonymous_16)","decl":{"start":{"line":87,"column":52},"end":{"line":87,"column":53}},"loc":{"start":{"line":87,"column":58},"end":{"line":89,"column":5}},"line":87},"17":{"name":"(anonymous_17)","decl":{"start":{"line":88,"column":115},"end":{"line":88,"column":116}},"loc":{"start":{"line":88,"column":121},"end":{"line":88,"column":164}},"line":88},"18":{"name":"(anonymous_18)","decl":{"start":{"line":91,"column":36},"end":{"line":91,"column":37}},"loc":{"start":{"line":91,"column":42},"end":{"line":93,"column":5}},"line":91},"19":{"name":"(anonymous_19)","decl":{"start":{"line":95,"column":27},"end":{"line":95,"column":28}},"loc":{"start":{"line":95,"column":33},"end":{"line":97,"column":5}},"line":95},"20":{"name":"(anonymous_20)","decl":{"start":{"line":96,"column":52},"end":{"line":96,"column":53}},"loc":{"start":{"line":96,"column":58},"end":{"line":96,"column":92}},"line":96},"21":{"name":"(anonymous_21)","decl":{"start":{"line":99,"column":44},"end":{"line":99,"column":45}},"loc":{"start":{"line":99,"column":50},"end":{"line":99,"column":77}},"line":99}},"branchMap":{"0":{"loc":{"start":{"line":29,"column":10},"end":{"line":31,"column":11}},"type":"if","locations":[{"start":{"line":29,"column":10},"end":{"line":31,"column":11}},{"start":{},"end":{}}],"line":29}},"s":{"0":1,"1":1,"2":1,"3":1,"4":1,"5":1,"6":1,"7":1,"8":0,"9":0,"10":0,"11":0,"12":0,"13":0,"14":0,"15":0,"16":0,"17":0,"18":0,"19":0,"20":0,"21":0,"22":0,"23":0,"24":0,"25":0,"26":0,"27":0,"28":0,"29":0,"30":0,"31":0,"32":0,"33":0,"34":0,"35":0,"36":0,"37":0,"38":0,"39":0,"40":0,"41":0,"42":0,"43":0,"44":0,"45":0,"46":0,"47":0,"48":0,"49":0,"50":0,"51":0,"52":0,"53":0,"54":0,"55":0,"56":0,"57":0,"58":0,"59":1,"60":1},"f":{"0":0,"1":0,"2":0,"3":0,"4":0,"5":0,"6":0,"7":0,"8":0,"9":0,"10":0,"11":0,"12":0,"13":0,"14":0,"15":0,"16":0,"17":0,"18":0,"19":0,"20":0,"21":0},"b":{"0":[0,0]},"_coverageSchema":"1a1c01bbd47fc00a2c39e90264f33305004495a9","hash":"742a15ba0ccd611eec6fb798a86bee29475f4e31"}
,"/Users/jacquelinekelly/HackReactor/review-api/routes/Routes.js": {"path":"/Users/jacquelinekelly/HackReactor/review-api/routes/Routes.js","statementMap":{"0":{"start":{"line":1,"column":16},"end":{"line":1,"column":34}},"1":{"start":{"line":2,"column":21},"end":{"line":2,"column":37}},"2":{"start":{"line":9,"column":4},"end":{"line":9,"column":44}},"3":{"start":{"line":11,"column":0},"end":{"line":11,"column":60}},"4":{"start":{"line":12,"column":0},"end":{"line":12,"column":58}},"5":{"start":{"line":13,"column":0},"end":{"line":13,"column":50}},"6":{"start":{"line":14,"column":0},"end":{"line":14,"column":41}},"7":{"start":{"line":15,"column":0},"end":{"line":15,"column":43}},"8":{"start":{"line":17,"column":0},"end":{"line":17,"column":30}}},"fnMap":{},"branchMap":{},"s":{"0":1,"1":1,"2":1,"3":1,"4":1,"5":1,"6":1,"7":1,"8":1},"f":{},"b":{},"_coverageSchema":"1a1c01bbd47fc00a2c39e90264f33305004495a9","hash":"2e1059ff4e7f579a74091bcda7306cf3b879e7e1"}
}
