TN:
SF:controllers/Controllers.js
FN:3,(anonymous_0)
FN:23,(anonymous_1)
FN:29,(anonymous_2)
FN:45,(anonymous_3)
FN:53,(anonymous_4)
FN:55,(anonymous_5)
FN:59,(anonymous_6)
FN:69,(anonymous_7)
FN:104,(anonymous_8)
FN:106,(anonymous_9)
FN:111,(anonymous_10)
FN:112,(anonymous_11)
FN:113,(anonymous_12)
FN:125,(anonymous_13)
FN:126,(anonymous_14)
FN:127,(anonymous_15)
FN:139,(anonymous_16)
FN:140,(anonymous_17)
FN:149,(anonymous_18)
FN:150,(anonymous_19)
FN:151,(anonymous_20)
FN:161,(anonymous_21)
FN:168,(anonymous_22)
FN:177,(anonymous_23)
FN:179,(anonymous_24)
FN:189,(anonymous_25)
FN:198,(anonymous_26)
FN:200,(anonymous_27)
FNF:28
FNH:9
FNDA:5,(anonymous_0)
FNDA:3,(anonymous_1)
FNDA:3,(anonymous_2)
FNDA:1,(anonymous_3)
FNDA:1,(anonymous_4)
FNDA:1,(anonymous_5)
FNDA:0,(anonymous_6)
FNDA:0,(anonymous_7)
FNDA:0,(anonymous_8)
FNDA:0,(anonymous_9)
FNDA:0,(anonymous_10)
FNDA:0,(anonymous_11)
FNDA:0,(anonymous_12)
FNDA:0,(anonymous_13)
FNDA:0,(anonymous_14)
FNDA:0,(anonymous_15)
FNDA:0,(anonymous_16)
FNDA:0,(anonymous_17)
FNDA:0,(anonymous_18)
FNDA:0,(anonymous_19)
FNDA:0,(anonymous_20)
FNDA:0,(anonymous_21)
FNDA:1,(anonymous_22)
FNDA:1,(anonymous_23)
FNDA:1,(anonymous_24)
FNDA:0,(anonymous_25)
FNDA:0,(anonymous_26)
FNDA:0,(anonymous_27)
DA:1,1
DA:3,1
DA:4,5
DA:5,5
DA:6,5
DA:8,0
DA:9,0
DA:11,4
DA:12,4
DA:16,5
DA:17,5
DA:18,5
DA:19,2
DA:22,3
DA:28,3
DA:30,3
DA:31,3
DA:32,1
DA:34,2
DA:39,2
DA:40,2
DA:45,1
DA:46,1
DA:47,1
DA:48,1
DA:49,0
DA:52,1
DA:54,1
DA:56,1
DA:57,1
DA:60,0
DA:64,0
DA:65,0
DA:69,1
DA:70,0
DA:72,0
DA:73,0
DA:77,0
DA:79,0
DA:80,0
DA:82,0
DA:83,0
DA:85,0
DA:86,0
DA:88,0
DA:89,0
DA:91,0
DA:92,0
DA:96,0
DA:97,0
DA:99,0
DA:102,0
DA:103,0
DA:105,0
DA:107,0
DA:108,0
DA:111,0
DA:112,0
DA:113,0
DA:114,0
DA:115,0
DA:117,0
DA:118,0
DA:125,0
DA:126,0
DA:127,0
DA:128,0
DA:129,0
DA:131,0
DA:132,0
DA:138,0
DA:140,0
DA:141,0
DA:142,0
DA:144,0
DA:145,0
DA:149,0
DA:150,0
DA:151,0
DA:152,0
DA:153,0
DA:155,0
DA:156,0
DA:161,0
DA:164,0
DA:168,1
DA:169,1
DA:170,1
DA:172,1
DA:173,0
DA:176,1
DA:178,1
DA:180,1
DA:181,1
DA:185,0
DA:189,1
DA:190,0
DA:191,0
DA:193,0
DA:194,0
DA:197,0
DA:199,0
DA:201,0
DA:202,0
DA:207,0
LF:105
LH:37
BRDA:6,0,0,0
BRDA:6,0,1,4
BRDA:6,0,2,0
BRDA:16,1,0,2
BRDA:16,1,1,3
BRDA:17,2,0,2
BRDA:17,2,1,3
BRDA:18,3,0,2
BRDA:18,3,1,3
BRDA:18,4,0,5
BRDA:18,4,1,4
BRDA:31,5,0,1
BRDA:31,5,1,2
BRDA:48,6,0,0
BRDA:48,6,1,1
BRDA:72,7,0,0
BRDA:72,7,1,0
BRDA:72,8,0,0
BRDA:72,8,1,0
BRDA:72,8,2,0
BRDA:72,8,3,0
BRDA:72,8,4,0
BRDA:72,8,5,0
BRDA:72,8,6,0
BRDA:72,8,7,0
BRDA:72,8,8,0
BRDA:77,9,0,0
BRDA:77,9,1,0
BRDA:77,9,2,0
BRDA:77,9,3,0
BRDA:77,9,4,0
BRDA:96,10,0,0
BRDA:96,10,1,0
BRDA:114,11,0,0
BRDA:114,11,1,0
BRDA:128,12,0,0
BRDA:128,12,1,0
BRDA:141,13,0,0
BRDA:141,13,1,0
BRDA:152,14,0,0
BRDA:152,14,1,0
BRDA:172,15,0,0
BRDA:172,15,1,1
BRDA:193,16,0,0
BRDA:193,16,1,0
BRF:45
BRH:13
end_of_record
TN:
SF:db/sql/index.js
FN:18,(anonymous_0)
FN:20,(anonymous_1)
FN:22,(anonymous_2)
FN:25,(anonymous_3)
FN:26,(anonymous_4)
FN:27,(anonymous_5)
FN:30,(anonymous_6)
FN:62,(anonymous_7)
FN:64,(anonymous_8)
FN:66,(anonymous_9)
FN:70,(anonymous_10)
FN:72,(anonymous_11)
FN:74,(anonymous_12)
FN:78,(anonymous_13)
FN:80,(anonymous_14)
FN:82,(anonymous_15)
FN:87,(anonymous_16)
FN:88,(anonymous_17)
FN:91,(anonymous_18)
FN:95,(anonymous_19)
FN:96,(anonymous_20)
FN:99,(anonymous_21)
FNF:22
FNH:0
FNDA:0,(anonymous_0)
FNDA:0,(anonymous_1)
FNDA:0,(anonymous_2)
FNDA:0,(anonymous_3)
FNDA:0,(anonymous_4)
FNDA:0,(anonymous_5)
FNDA:0,(anonymous_6)
FNDA:0,(anonymous_7)
FNDA:0,(anonymous_8)
FNDA:0,(anonymous_9)
FNDA:0,(anonymous_10)
FNDA:0,(anonymous_11)
FNDA:0,(anonymous_12)
FNDA:0,(anonymous_13)
FNDA:0,(anonymous_14)
FNDA:0,(anonymous_15)
FNDA:0,(anonymous_16)
FNDA:0,(anonymous_17)
FNDA:0,(anonymous_18)
FNDA:0,(anonymous_19)
FNDA:0,(anonymous_20)
FNDA:0,(anonymous_21)
DA:1,1
DA:2,1
DA:3,1
DA:4,1
DA:5,1
DA:6,1
DA:9,1
DA:18,1
DA:20,0
DA:21,0
DA:23,0
DA:24,0
DA:25,0
DA:26,0
DA:27,0
DA:28,0
DA:29,0
DA:30,0
DA:33,0
DA:37,0
DA:38,0
DA:40,0
DA:42,0
DA:44,0
DA:46,0
DA:52,0
DA:53,0
DA:54,0
DA:55,0
DA:56,0
DA:58,0
DA:60,0
DA:62,0
DA:63,0
DA:65,0
DA:66,0
DA:70,0
DA:71,0
DA:73,0
DA:74,0
DA:78,0
DA:79,0
DA:81,0
DA:82,0
DA:87,0
DA:88,0
DA:91,0
DA:92,0
DA:95,0
DA:96,0
DA:99,0
DA:103,0
DA:104,0
DA:108,1
DA:109,1
LF:55
LH:10
BRDA:29,0,0,0
BRDA:29,0,1,0
BRF:2
BRH:0
end_of_record
TN:
SF:routes/Routes.js
FNF:0
FNH:0
DA:1,1
DA:2,1
DA:9,1
DA:11,1
DA:12,1
DA:13,1
DA:14,1
DA:15,1
DA:17,1
LF:9
LH:9
BRF:0
BRH:0
end_of_record
